0 info it worked if it ends with ok
1 verbose cli [ '/home/alan/.nvm/versions/node/v4.0.0/bin/node',
1 verbose cli   '/home/alan/.nvm/versions/node/v4.0.0/bin/npm',
1 verbose cli   'run',
1 verbose cli   'build' ]
2 info using npm@2.14.2
3 info using node@v4.0.0
4 verbose run-script [ 'prebuild', 'build', 'postbuild' ]
5 info prebuild my-website@0.0.0
6 info build my-website@0.0.0
7 verbose unsafe-perm in lifecycle true
8 info my-website@0.0.0 Failed to exec build script
9 verbose stack Error: my-website@0.0.0 build: `docusaurus build`
9 verbose stack Exit status 1
9 verbose stack     at EventEmitter.<anonymous> (/home/alan/.nvm/versions/node/v4.0.0/lib/node_modules/npm/lib/utils/lifecycle.js:214:16)
9 verbose stack     at emitTwo (events.js:87:13)
9 verbose stack     at EventEmitter.emit (events.js:172:7)
9 verbose stack     at ChildProcess.<anonymous> (/home/alan/.nvm/versions/node/v4.0.0/lib/node_modules/npm/lib/utils/spawn.js:24:14)
9 verbose stack     at emitTwo (events.js:87:13)
9 verbose stack     at ChildProcess.emit (events.js:172:7)
9 verbose stack     at maybeClose (internal/child_process.js:817:16)
9 verbose stack     at Process.ChildProcess._handle.onexit (internal/child_process.js:211:5)
10 verbose pkgid my-website@0.0.0
11 verbose cwd /home/alan/PycharmProjects/docuflair/my-website
12 error Linux 5.4.0-144-generic
13 error argv "/home/alan/.nvm/versions/node/v4.0.0/bin/node" "/home/alan/.nvm/versions/node/v4.0.0/bin/npm" "run" "build"
14 error node v4.0.0
15 error npm  v2.14.2
16 error code ELIFECYCLE
17 error my-website@0.0.0 build: `docusaurus build`
17 error Exit status 1
18 error Failed at the my-website@0.0.0 build script 'docusaurus build'.
18 error This is most likely a problem with the my-website package,
18 error not with npm itself.
18 error Tell the author that this fails on your system:
18 error     docusaurus build
18 error You can get their info via:
18 error     npm owner ls my-website
18 error There is likely additional logging output above.
19 verbose exit [ 1, true ]
